Log file open, 06/16/20 17:17:56
LogInit: Display: Running engine for game: FightingGameArwa
LogPlatformFile: Not using cached read wrapper
LogTaskGraph: Started task graph with 5 named threads and 47 total threads with 3 sets of task threads.
LogStats: Stats thread started at 1.045370
LogD3D11RHI: Loaded GFSDK_Aftermath_Lib.x64.dll
LogICUInternationalization: ICU TimeZone Detection - Raw Offset: -5:00, Platform Override: ''
LogPluginManager: Mounting plugin Paper2D
LogPluginManager: Mounting plugin AISupport
LogPluginManager: Mounting plugin LightPropagationVolume
LogPluginManager: Mounting plugin CameraShakePreviewer
LogPluginManager: Mounting plugin ActorLayerUtilities
LogPluginManager: Mounting plugin AnimationSharing
LogPluginManager: Mounting plugin CLionSourceCodeAccess
LogPluginManager: Mounting plugin CodeLiteSourceCodeAccess
LogPluginManager: Mounting plugin GitSourceControl
LogPluginManager: Mounting plugin KDevelopSourceCodeAccess
LogPluginManager: Mounting plugin NullSourceCodeAccess
LogPluginManager: Mounting plugin PerforceSourceControl
LogPluginManager: Mounting plugin PlasticSourceControl
LogPluginManager: Mounting plugin RiderSourceCodeAccess
LogPluginManager: Mounting plugin SubversionSourceControl
LogPluginManager: Mounting plugin UObjectPlugin
LogPluginManager: Mounting plugin VisualStudioCodeSourceCodeAccess
LogPluginManager: Mounting plugin VisualStudioSourceCodeAccess
LogPluginManager: Mounting plugin XCodeSourceCodeAccess
LogPluginManager: Mounting plugin AssetManagerEditor
LogPluginManager: Mounting plugin CryptoKeys
LogPluginManager: Mounting plugin CurveEditorTools
LogPluginManager: Mounting plugin DataValidation
LogPluginManager: Mounting plugin EditorScriptingUtilities
LogPluginManager: Mounting plugin FacialAnimation
LogPluginManager: Mounting plugin GameplayTagsEditor
LogPluginManager: Mounting plugin GeometryMode
LogPluginManager: Mounting plugin MacGraphicsSwitching
LogPluginManager: Mounting plugin MaterialAnalyzer
LogPluginManager: Mounting plugin MobileLauncherProfileWizard
LogPluginManager: Mounting plugin PluginBrowser
LogPluginManager: Mounting plugin SpeedTreeImporter
LogPluginManager: Mounting plugin DatasmithContent
LogPluginManager: Mounting plugin VariantManagerContent
LogPluginManager: Mounting plugin AlembicImporter
LogPluginManager: Mounting plugin AutomationUtils
LogPluginManager: Mounting plugin BackChannel
LogPluginManager: Mounting plugin ChaosCloth
LogPluginManager: Mounting plugin ChaosClothEditor
LogPluginManager: Mounting plugin ChaosEditor
LogPluginManager: Mounting plugin ChaosNiagara
LogPluginManager: Mounting plugin ChaosSolverPlugin
LogPluginManager: Mounting plugin CharacterAI
LogPluginManager: Mounting plugin GeometryCache
LogPluginManager: Mounting plugin GeometryCollectionPlugin
LogPluginManager: Mounting plugin GeometryProcessing
LogPluginManager: Mounting plugin PlanarCut
LogPluginManager: Mounting plugin PlatformCrypto
LogPluginManager: Mounting plugin ProxyLODPlugin
LogPluginManager: Mounting plugin SkeletalReduction
LogPluginManager: Mounting plugin Niagara
LogPluginManager: Mounting plugin MagicLeap
LogPluginManager: Mounting plugin MagicLeapLightEstimation
LogPluginManager: Mounting plugin MagicLeapMedia
LogPluginManager: Mounting plugin MagicLeapPassableWorld
LogPluginManager: Mounting plugin MLSDK
LogPluginManager: Mounting plugin AndroidMedia
LogPluginManager: Mounting plugin AvfMedia
LogPluginManager: Mounting plugin ImgMedia
LogPluginManager: Mounting plugin MediaCompositing
LogPluginManager: Mounting plugin MediaPlayerEditor
LogPluginManager: Mounting plugin WebMMedia
LogPluginManager: Mounting plugin WmfMedia
LogPluginManager: Mounting plugin MeshPainting
LogPluginManager: Mounting plugin TcpMessaging
LogPluginManager: Mounting plugin UdpMessaging
LogPluginManager: Mounting plugin ActorSequence
LogPluginManager: Mounting plugin LevelSequenceEditor
LogPluginManager: Mounting plugin MatineeToLevelSequence
LogPluginManager: Mounting plugin MovieRenderPipeline
LogPluginManager: Mounting plugin TemplateSequence
LogPluginManager: Mounting plugin NetcodeUnitTest
LogPluginManager: Mounting plugin NUTUnrealEngine4
LogPluginManager: Mounting plugin OnlineSubsystemGooglePlay
LogPluginManager: Mounting plugin OnlineSubsystemIOS
LogPluginManager: Mounting plugin OnlineSubsystem
LogPluginManager: Mounting plugin OnlineSubsystemNull
LogPluginManager: Mounting plugin OnlineSubsystemUtils
LogPluginManager: Mounting plugin LauncherChunkInstaller
LogPluginManager: Mounting plugin AndroidDeviceProfileSelector
LogPluginManager: Mounting plugin AndroidMoviePlayer
LogPluginManager: Mounting plugin AndroidPermission
LogPluginManager: Mounting plugin AppleImageUtils
LogPluginManager: Mounting plugin AppleMoviePlayer
LogPluginManager: Mounting plugin ArchVisCharacter
LogPluginManager: Mounting plugin AssetTags
LogPluginManager: Mounting plugin AudioCapture
LogPluginManager: Mounting plugin CableComponent
LogPluginManager: Mounting plugin CustomMeshComponent
LogPluginManager: Mounting plugin EditableMesh
LogPluginManager: Mounting plugin ExampleDeviceProfileSelector
LogPluginManager: Mounting plugin GoogleCloudMessaging
LogPluginManager: Mounting plugin GooglePAD
LogPluginManager: Mounting plugin IOSDeviceProfileSelector
LogPluginManager: Mounting plugin LinuxDeviceProfileSelector
LogPluginManager: Mounting plugin LocationServicesBPLibrary
LogPluginManager: Mounting plugin MobilePatchingUtils
LogPluginManager: Mounting plugin OculusVR
LogPluginManager: Mounting plugin PhysXVehicles
LogPluginManager: Mounting plugin PostSplashScreen
LogPluginManager: Mounting plugin ProceduralMeshComponent
LogPluginManager: Mounting plugin RuntimePhysXCooking
LogPluginManager: Mounting plugin SignificanceManager
LogPluginManager: Mounting plugin SoundFields
LogPluginManager: Mounting plugin SteamVR
LogPluginManager: Mounting plugin Synthesis
LogPluginManager: Mounting plugin WebMMoviePlayer
LogPluginManager: Mounting plugin WindowsMoviePlayer
LogPluginManager: Mounting plugin ScreenshotTools
LogInit: Using libcurl 7.55.1-DEV
LogInit:  - built for x86_64-pc-win32
LogInit:  - supports SSL with OpenSSL/1.1.1
LogInit:  - supports HTTP deflate (compression) using libz 1.2.8
LogInit:  - other features:
LogInit:      CURL_VERSION_SSL
LogInit:      CURL_VERSION_LIBZ
LogInit:      CURL_VERSION_IPV6
LogInit:      CURL_VERSION_ASYNCHDNS
LogInit:      CURL_VERSION_LARGEFILE
LogInit:      CURL_VERSION_IDN
LogInit:  CurlRequestOptions (configurable via config and command line):
LogInit:  - bVerifyPeer = true  - Libcurl will verify peer certificate
LogInit:  - bUseHttpProxy = false  - Libcurl will NOT use HTTP proxy
LogInit:  - bDontReuseConnections = false  - Libcurl will reuse connections
LogInit:  - MaxHostConnections = 16  - Libcurl will limit the number of connections to a host
LogInit:  - LocalHostAddr = Default
LogInit:  - BufferSize = 65536
LogOnline: OSS: Creating online subsystem instance for: NULL
LogInit: WinSock: version 1.1 (2.2), MaxSocks=32767, MaxUdp=65467
LogOnline: OSS: TryLoadSubsystemAndSetDefault: Loaded subsystem for module [NULL]
LogInit: Build: ++UE4+Release-4.25-CL-13594126
LogInit: Engine Version: 4.25.1-13594126+++UE4+Release-4.25
LogInit: Compatible Engine Version: 4.25.0-13144385+++UE4+Release-4.25
LogInit: Net CL: 13144385
LogInit: OS: Windows 10 (Release 1809) (), CPU: AMD Ryzen 7 2700 Eight-Core Processor          , GPU: Radeon RX 580 Series
LogInit: Compiled (64-bit): Jun  2 2020 02:10:36
LogInit: Compiled with Visual C++: 19.24.28315.00
LogInit: Build Configuration: Development
LogInit: Branch Name: ++UE4+Release-4.25
LogInit: Command Line: 
LogInit: Base Directory: C:/Program Files/Epic Games/UE_4.25/Engine/Binaries/Win64/
LogInit: Allocator: TBB
LogInit: Installed Engine Build: 1
LogDevObjectVersion: Number of dev versions registered: 26
LogDevObjectVersion:   Dev-Blueprints (B0D832E4-1F89-4F0D-ACCF-7EB736FD4AA2): 10
LogDevObjectVersion:   Dev-Build (E1C64328-A22C-4D53-A36C-8E866417BD8C): 0
LogDevObjectVersion:   Dev-Core (375EC13C-06E4-48FB-B500-84F0262A717E): 4
LogDevObjectVersion:   Dev-Editor (E4B068ED-F494-42E9-A231-DA0B2E46BB41): 38
LogDevObjectVersion:   Dev-Framework (CFFC743F-43B0-4480-9391-14DF171D2073): 37
LogDevObjectVersion:   Dev-Mobile (B02B49B5-BB20-44E9-A304-32B752E40360): 2
LogDevObjectVersion:   Dev-Networking (A4E4105C-59A1-49B5-A7C5-40C4547EDFEE): 0
LogDevObjectVersion:   Dev-Online (39C831C9-5AE6-47DC-9A44-9C173E1C8E7C): 0
LogDevObjectVersion:   Dev-Physics (78F01B33-EBEA-4F98-B9B4-84EACCB95AA2): 4
LogDevObjectVersion:   Dev-Platform (6631380F-2D4D-43E0-8009-CF276956A95A): 0
LogDevObjectVersion:   Dev-Rendering (12F88B9F-8875-4AFC-A67C-D90C383ABD29): 43
LogDevObjectVersion:   Dev-Sequencer (7B5AE74C-D270-4C10-A958-57980B212A5A): 12
LogDevObjectVersion:   Dev-VR (D7296918-1DD6-4BDD-9DE2-64A83CC13884): 3
LogDevObjectVersion:   Dev-LoadTimes (C2A15278-BFE7-4AFE-6C17-90FF531DF755): 1
LogDevObjectVersion:   Private-Geometry (6EACA3D4-40EC-4CC1-B786-8BED09428FC5): 3
LogDevObjectVersion:   Dev-AnimPhys (29E575DD-E0A3-4627-9D10-D276232CDCEA): 17
LogDevObjectVersion:   Dev-Anim (AF43A65D-7FD3-4947-9873-3E8ED9C1BB05): 7
LogDevObjectVersion:   Dev-ReflectionCapture (6B266CEC-1EC7-4B8F-A30B-E4D90942FC07): 1
LogDevObjectVersion:   Dev-Automation (0DF73D61-A23F-47EA-B727-89E90C41499A): 1
LogDevObjectVersion:   FortniteMain (601D1886-AC64-4F84-AA16-D3DE0DEAC7D6): 31
LogDevObjectVersion:   Dev-Enterprise (9DFFBCD6-494F-0158-E221-12823C92A888): 10
LogDevObjectVersion:   Dev-Niagara (F2AED0AC-9AFE-416F-8664-AA7FFA26D6FC): 1
LogDevObjectVersion:   Dev-Destruction (174F1F0B-B4C6-45A5-B13F-2EE8D0FB917D): 10
LogDevObjectVersion:   Dev-Physics-Ext (35F94A83-E258-406C-A318-09F59610247C): 37
LogDevObjectVersion:   Dev-PhysicsMaterial-Chaos (B68FC16E-8B1B-42E2-B453-215C058844FE): 1
LogDevObjectVersion:   Dev-CineCamera (B2E18506-4273-CFC2-A54E-F4BB758BBA07): 1
LogInit: Presizing for max 25165824 objects, including 0 objects not considered by GC, pre-allocating 0 bytes for permanent pool.
LogConfig: Applying CVar settings from Section [/Script/Engine.StreamingSettings] File [D:/UE4Projects/Proto2PlayerGame/Fighting-Game-Unreal/FightingGameArwaMoreFeatures 4.25/Saved/Config/Windows/Engine.ini]
LogConfig: Setting CVar [[s.MinBulkDataSizeForAsyncLoading:131072]]
LogConfig: Setting CVar [[s.AsyncLoadingThreadEnabled:0]]
LogConfig: Setting CVar [[s.EventDrivenLoaderEnabled:1]]
LogConfig: Setting CVar [[s.WarnIfTimeLimitExceeded:0]]
LogConfig: Setting CVar [[s.TimeLimitExceededMultiplier:1.5]]
LogConfig: Setting CVar [[s.TimeLimitExceededMinTime:0.005]]
LogConfig: Setting CVar [[s.UseBackgroundLevelStreaming:1]]
LogConfig: Setting CVar [[s.PriorityAsyncLoadingExtraTime:15.0]]
LogConfig: Setting CVar [[s.LevelStreamingActorsUpdateTimeLimit:5.0]]
LogConfig: Setting CVar [[s.PriorityLevelStreamingActorsUpdateExtraTime:5.0]]
LogConfig: Setting CVar [[s.LevelStreamingComponentsRegistrationGranularity:10]]
LogConfig: Setting CVar [[s.UnregisterComponentsTimeLimit:1.0]]
LogConfig: Setting CVar [[s.LevelStreamingComponentsUnregistrationGranularity:5]]
LogConfig: Setting CVar [[s.FlushStreamingOnExit:1]]
LogInit: Object subsystem initialized
LogConfig: Setting CVar [[con.DebugEarlyDefault:1]]
LogConfig: Setting CVar [[r.setres:1280x720]]
[2020.06.16-21.17.56:527][  0]LogConfig: Setting CVar [[r.VSync:0]]
[2020.06.16-21.17.56:527][  0]LogConfig: Setting CVar [[r.RHICmdBypass:0]]
[2020.06.16-21.17.56:527][  0]LogConfig: Applying CVar settings from Section [/Script/Engine.RendererSettings] File [D:/UE4Projects/Proto2PlayerGame/Fighting-Game-Unreal/FightingGameArwaMoreFeatures 4.25/Saved/Config/Windows/Engine.ini]
[2020.06.16-21.17.56:527][  0]LogConfig: Setting CVar [[r.GPUCrashDebugging:0]]
[2020.06.16-21.17.56:527][  0]LogConfig: Applying CVar settings from Section [/Script/Engine.RendererOverrideSettings] File [D:/UE4Projects/Proto2PlayerGame/Fighting-Game-Unreal/FightingGameArwaMoreFeatures 4.25/Saved/Config/Windows/Engine.ini]
[2020.06.16-21.17.56:527][  0]LogConfig: Applying CVar settings from Section [/Script/Engine.StreamingSettings] File [D:/UE4Projects/Proto2PlayerGame/Fighting-Game-Unreal/FightingGameArwaMoreFeatures 4.25/Saved/Config/Windows/Engine.ini]
[2020.06.16-21.17.56:527][  0]LogConfig: Setting CVar [[s.MinBulkDataSizeForAsyncLoading:131072]]
[2020.06.16-21.17.56:527][  0]LogConfig: Setting CVar [[s.AsyncLoadingThreadEnabled:0]]
[2020.06.16-21.17.56:527][  0]LogConfig: Setting CVar [[s.EventDrivenLoaderEnabled:1]]
[2020.06.16-21.17.56:527][  0]LogConfig: Setting CVar [[s.WarnIfTimeLimitExceeded:0]]
[2020.06.16-21.17.56:527][  0]LogConfig: Setting CVar [[s.TimeLimitExceededMultiplier:1.5]]
[2020.06.16-21.17.56:527][  0]LogConfig: Setting CVar [[s.TimeLimitExceededMinTime:0.005]]
[2020.06.16-21.17.56:527][  0]LogConfig: Setting CVar [[s.UseBackgroundLevelStreaming:1]]
[2020.06.16-21.17.56:527][  0]LogConfig: Setting CVar [[s.PriorityAsyncLoadingExtraTime:15.0]]
[2020.06.16-21.17.56:527][  0]LogConfig: Setting CVar [[s.LevelStreamingActorsUpdateTimeLimit:5.0]]
[2020.06.16-21.17.56:527][  0]LogConfig: Setting CVar [[s.PriorityLevelStreamingActorsUpdateExtraTime:5.0]]
[2020.06.16-21.17.56:527][  0]LogConfig: Setting CVar [[s.LevelStreamingComponentsRegistrationGranularity:10]]
[2020.06.16-21.17.56:527][  0]LogConfig: Setting CVar [[s.UnregisterComponentsTimeLimit:1.0]]
[2020.06.16-21.17.56:527][  0]LogConfig: Setting CVar [[s.LevelStreamingComponentsUnregistrationGranularity:5]]
[2020.06.16-21.17.56:527][  0]LogConfig: Setting CVar [[s.FlushStreamingOnExit:1]]
[2020.06.16-21.17.56:527][  0]LogConfig: Applying CVar settings from Section [/Script/Engine.GarbageCollectionSettings] File [D:/UE4Projects/Proto2PlayerGame/Fighting-Game-Unreal/FightingGameArwaMoreFeatures 4.25/Saved/Config/Windows/Engine.ini]
[2020.06.16-21.17.56:527][  0]LogConfig: Setting CVar [[gc.MaxObjectsNotConsideredByGC:1]]
[2020.06.16-21.17.56:527][  0]LogConfig: Setting CVar [[gc.SizeOfPermanentObjectPool:0]]
[2020.06.16-21.17.56:528][  0]LogConfig: Setting CVar [[gc.FlushStreamingOnGC:0]]
[2020.06.16-21.17.56:528][  0]LogConfig: Setting CVar [[gc.NumRetriesBeforeForcingGC:10]]
[2020.06.16-21.17.56:528][  0]LogConfig: Setting CVar [[gc.AllowParallelGC:1]]
[2020.06.16-21.17.56:528][  0]LogConfig: Setting CVar [[gc.TimeBetweenPurgingPendingKillObjects:61.1]]
[2020.06.16-21.17.56:528][  0]LogConfig: Setting CVar [[gc.MaxObjectsInEditor:25165824]]
[2020.06.16-21.17.56:528][  0]LogConfig: Setting CVar [[gc.IncrementalBeginDestroyEnabled:1]]
[2020.06.16-21.17.56:528][  0]LogConfig: Setting CVar [[gc.CreateGCClusters:1]]
[2020.06.16-21.17.56:528][  0]LogConfig: Setting CVar [[gc.MinGCClusterSize:5]]
[2020.06.16-21.17.56:528][  0]LogConfig: Setting CVar [[gc.ActorClusteringEnabled:0]]
[2020.06.16-21.17.56:528][  0]LogConfig: Setting CVar [[gc.BlueprintClusteringEnabled:0]]
[2020.06.16-21.17.56:528][  0]LogConfig: Setting CVar [[gc.UseDisregardForGCOnDedicatedServers:0]]
[2020.06.16-21.17.56:528][  0]LogConfig: Applying CVar settings from Section [/Script/Engine.NetworkSettings] File [D:/UE4Projects/Proto2PlayerGame/Fighting-Game-Unreal/FightingGameArwaMoreFeatures 4.25/Saved/Config/Windows/Engine.ini]
[2020.06.16-21.17.56:528][  0]LogConfig: Applying CVar settings from Section [/Script/UnrealEd.CookerSettings] File [D:/UE4Projects/Proto2PlayerGame/Fighting-Game-Unreal/FightingGameArwaMoreFeatures 4.25/Saved/Config/Windows/Engine.ini]
[2020.06.16-21.17.56:535][  0]LogConfig: Applying CVar settings from Section [ViewDistanceQuality@3] File [D:/UE4Projects/Proto2PlayerGame/Fighting-Game-Unreal/FightingGameArwaMoreFeatures 4.25/Saved/Config/Windows/Scalability.ini]
[2020.06.16-21.17.56:535][  0]LogConfig: Setting CVar [[r.SkeletalMeshLODBias:0]]
[2020.06.16-21.17.56:535][  0]LogConfig: Setting CVar [[r.ViewDistanceScale:1.0]]
[2020.06.16-21.17.56:535][  0]LogConfig: Applying CVar settings from Section [AntiAliasingQuality@3] File [D:/UE4Projects/Proto2PlayerGame/Fighting-Game-Unreal/FightingGameArwaMoreFeatures 4.25/Saved/Config/Windows/Scalability.ini]
[2020.06.16-21.17.56:535][  0]LogConfig: Setting CVar [[r.PostProcessAAQuality:4]]
[2020.06.16-21.17.56:535][  0]LogConfig: Applying CVar settings from Section [ShadowQuality@3] File [D:/UE4Projects/Proto2PlayerGame/Fighting-Game-Unreal/FightingGameArwaMoreFeatures 4.25/Saved/Config/Windows/Scalability.ini]
[2020.06.16-21.17.56:535][  0]LogConfig: Setting CVar [[r.LightFunctionQuality:1]]
[2020.06.16-21.17.56:535][  0]LogConfig: Setting CVar [[r.ShadowQuality:5]]
[2020.06.16-21.17.56:535][  0]LogConfig: Setting CVar [[r.Shadow.CSM.MaxCascades:10]]
[2020.06.16-21.17.56:535][  0]LogConfig: Setting CVar [[r.Shadow.MaxResolution:2048]]
[2020.06.16-21.17.56:535][  0]LogConfig: Setting CVar [[r.Shadow.MaxCSMResolution:2048]]
[2020.06.16-21.17.56:535][  0]LogConfig: Setting CVar [[r.Shadow.RadiusThreshold:0.01]]
[2020.06.16-21.17.56:535][  0]LogConfig: Setting CVar [[r.Shadow.DistanceScale:1.0]]
[2020.06.16-21.17.56:535][  0]LogConfig: Setting CVar [[r.Shadow.CSM.TransitionScale:1.0]]
[2020.06.16-21.17.56:536][  0]LogConfig: Setting CVar [[r.Shadow.PreShadowResolutionFactor:1.0]]
[2020.06.16-21.17.56:536][  0]LogConfig: Setting CVar [[r.DistanceFieldShadowing:1]]
[2020.06.16-21.17.56:536][  0]LogConfig: Setting CVar [[r.DistanceFieldAO:1]]
[2020.06.16-21.17.56:536][  0]LogConfig: Setting CVar [[r.AOQuality:2]]
[2020.06.16-21.17.56:536][  0]LogConfig: Setting CVar [[r.VolumetricFog:1]]
[2020.06.16-21.17.56:536][  0]LogConfig: Setting CVar [[r.VolumetricFog.GridPixelSize:8]]
[2020.06.16-21.17.56:536][  0]LogConfig: Setting CVar [[r.VolumetricFog.GridSizeZ:128]]
[2020.06.16-21.17.56:536][  0]LogConfig: Setting CVar [[r.VolumetricFog.HistoryMissSupersampleCount:4]]
[2020.06.16-21.17.56:536][  0]LogConfig: Setting CVar [[r.LightMaxDrawDistanceScale:1]]
[2020.06.16-21.17.56:536][  0]LogConfig: Setting CVar [[r.CapsuleShadows:1]]
[2020.06.16-21.17.56:536][  0]LogConfig: Applying CVar settings from Section [PostProcessQuality@3] File [D:/UE4Projects/Proto2PlayerGame/Fighting-Game-Unreal/FightingGameArwaMoreFeatures 4.25/Saved/Config/Windows/Scalability.ini]
[2020.06.16-21.17.56:536][  0]LogConfig: Setting CVar [[r.MotionBlurQuality:4]]
[2020.06.16-21.17.56:536][  0]LogConfig: Setting CVar [[r.AmbientOcclusionMipLevelFactor:0.4]]
[2020.06.16-21.17.56:536][  0]LogConfig: Setting CVar [[r.AmbientOcclusionMaxQuality:100]]
[2020.06.16-21.17.56:536][  0]LogConfig: Setting CVar [[r.AmbientOcclusionLevels:-1]]
[2020.06.16-21.17.56:536][  0]LogConfig: Setting CVar [[r.AmbientOcclusionRadiusScale:1.0]]
[2020.06.16-21.17.56:536][  0]LogConfig: Setting CVar [[r.DepthOfFieldQuality:2]]
[2020.06.16-21.17.56:536][  0]LogConfig: Setting CVar [[r.RenderTargetPoolMin:400]]
[2020.06.16-21.17.56:536][  0]LogConfig: Setting CVar [[r.LensFlareQuality:2]]
[2020.06.16-21.17.56:536][  0]LogConfig: Setting CVar [[r.SceneColorFringeQuality:1]]
[2020.06.16-21.17.56:536][  0]LogConfig: Setting CVar [[r.EyeAdaptationQuality:2]]
[2020.06.16-21.17.56:536][  0]LogConfig: Setting CVar [[r.BloomQuality:5]]
[2020.06.16-21.17.56:536][  0]LogConfig: Setting CVar [[r.FastBlurThreshold:100]]
[2020.06.16-21.17.56:536][  0]LogConfig: Setting CVar [[r.Upscale.Quality:3]]
[2020.06.16-21.17.56:536][  0]LogConfig: Setting CVar [[r.Tonemapper.GrainQuantization:1]]
[2020.06.16-21.17.56:536][  0]LogConfig: Setting CVar [[r.LightShaftQuality:1]]
[2020.06.16-21.17.56:536][  0]LogConfig: Setting CVar [[r.Filter.SizeScale:1]]
[2020.06.16-21.17.56:536][  0]LogConfig: Setting CVar [[r.Tonemapper.Quality:5]]
[2020.06.16-21.17.56:536][  0]LogConfig: Setting CVar [[r.DOF.Gather.AccumulatorQuality:1        ; higher gathering accumulator quality]]
[2020.06.16-21.17.56:536][  0]LogConfig: Setting CVar [[r.DOF.Gather.PostfilterMethod:1          ; Median3x3 postfilering method]]
[2020.06.16-21.17.56:536][  0]LogConfig: Setting CVar [[r.DOF.Gather.EnableBokehSettings:0       ; no bokeh simulation when gathering]]
[2020.06.16-21.17.56:536][  0]LogConfig: Setting CVar [[r.DOF.Gather.RingCount:4                 ; medium number of samples when gathering]]
[2020.06.16-21.17.56:536][  0]LogConfig: Setting CVar [[r.DOF.Scatter.ForegroundCompositing:1    ; additive foreground scattering]]
[2020.06.16-21.17.56:536][  0]LogConfig: Setting CVar [[r.DOF.Scatter.BackgroundCompositing:2    ; additive background scattering]]
[2020.06.16-21.17.56:536][  0]LogConfig: Setting CVar [[r.DOF.Scatter.EnableBokehSettings:1      ; bokeh simulation when scattering]]
[2020.06.16-21.17.56:536][  0]LogConfig: Setting CVar [[r.DOF.Scatter.MaxSpriteRatio:0.1         ; only a maximum of 10% of scattered bokeh]]
[2020.06.16-21.17.56:536][  0]LogConfig: Setting CVar [[r.DOF.Recombine.Quality:1                ; cheap slight out of focus]]
[2020.06.16-21.17.56:536][  0]LogConfig: Setting CVar [[r.DOF.Recombine.EnableBokehSettings:0    ; no bokeh simulation on slight out of focus]]
[2020.06.16-21.17.56:536][  0]LogConfig: Setting CVar [[r.DOF.TemporalAAQuality:1                ; more stable temporal accumulation]]
[2020.06.16-21.17.56:536][  0]LogConfig: Setting CVar [[r.DOF.Kernel.MaxForegroundRadius:0.025]]
[2020.06.16-21.17.56:536][  0]LogConfig: Setting CVar [[r.DOF.Kernel.MaxBackgroundRadius:0.025]]
[2020.06.16-21.17.56:536][  0]LogConfig: Applying CVar settings from Section [TextureQuality@3] File [D:/UE4Projects/Proto2PlayerGame/Fighting-Game-Unreal/FightingGameArwaMoreFeatures 4.25/Saved/Config/Windows/Scalability.ini]
[2020.06.16-21.17.56:536][  0]LogConfig: Setting CVar [[r.Streaming.MipBias:0]]
[2020.06.16-21.17.56:536][  0]LogConfig: Setting CVar [[r.Streaming.AmortizeCPUToGPUCopy:0]]
[2020.06.16-21.17.56:536][  0]LogConfig: Setting CVar [[r.Streaming.MaxNumTexturesToStreamPerFrame:0]]
[2020.06.16-21.17.56:536][  0]LogConfig: Setting CVar [[r.Streaming.Boost:1]]
[2020.06.16-21.17.56:536][  0]LogConfig: Setting CVar [[r.MaxAnisotropy:8]]
[2020.06.16-21.17.56:536][  0]LogConfig: Setting CVar [[r.VT.MaxAnisotropy:8]]
[2020.06.16-21.17.56:536][  0]LogConfig: Setting CVar [[r.Streaming.LimitPoolSizeToVRAM:0]]
[2020.06.16-21.17.56:536][  0]LogConfig: Setting CVar [[r.Streaming.PoolSize:1000]]
[2020.06.16-21.17.56:536][  0]LogConfig: Setting CVar [[r.Streaming.MaxEffectiveScreenSize:0]]
[2020.06.16-21.17.56:536][  0]LogConfig: Applying CVar settings from Section [EffectsQuality@3] File [D:/UE4Projects/Proto2PlayerGame/Fighting-Game-Unreal/FightingGameArwaMoreFeatures 4.25/Saved/Config/Windows/Scalability.ini]
[2020.06.16-21.17.56:536][  0]LogConfig: Setting CVar [[r.TranslucencyLightingVolumeDim:64]]
[2020.06.16-21.17.56:536][  0]LogConfig: Setting CVar [[r.RefractionQuality:2]]
[2020.06.16-21.17.56:536][  0]LogConfig: Setting CVar [[r.SSR.Quality:3]]
[2020.06.16-21.17.56:536][  0]LogConfig: Setting CVar [[r.SSR.HalfResSceneColor:0]]
[2020.06.16-21.17.56:536][  0]LogConfig: Setting CVar [[r.SceneColorFormat:4]]
[2020.06.16-21.17.56:536][  0]LogConfig: Setting CVar [[r.DetailMode:2]]
[2020.06.16-21.17.56:536][  0]LogConfig: Setting CVar [[r.TranslucencyVolumeBlur:1]]
[2020.06.16-21.17.56:536][  0]LogConfig: Setting CVar [[r.MaterialQualityLevel:1 ; High quality]]
[2020.06.16-21.17.56:536][  0]LogConfig: Setting CVar [[r.SSS.Scale:1]]
[2020.06.16-21.17.56:536][  0]LogConfig: Setting CVar [[r.SSS.SampleSet:2]]
[2020.06.16-21.17.56:536][  0]LogConfig: Setting CVar [[r.SSS.Quality:1]]
[2020.06.16-21.17.56:536][  0]LogConfig: Setting CVar [[r.SSS.HalfRes:0]]
[2020.06.16-21.17.56:536][  0]LogConfig: Setting CVar [[r.SSGI.Quality:3]]
[2020.06.16-21.17.56:536][  0]LogConfig: Setting CVar [[r.EmitterSpawnRateScale:1.0]]
[2020.06.16-21.17.56:536][  0]LogConfig: Setting CVar [[r.ParticleLightQuality:2]]
[2020.06.16-21.17.56:536][  0]LogConfig: Setting CVar [[r.SkyAtmosphere.AerialPerspectiveLUT.FastApplyOnOpaque:1 ; Always have FastSkyLUT 1 in this case to avoid wrong sky]]
[2020.06.16-21.17.56:536][  0]LogConfig: Setting CVar [[r.SkyAtmosphere.AerialPerspectiveLUT.SampleCountPerSlice:1]]
[2020.06.16-21.17.56:536][  0]LogConfig: Setting CVar [[r.SkyAtmosphere.AerialPerspectiveLUT.DepthResolution:16.0]]
[2020.06.16-21.17.56:536][  0]LogConfig: Setting CVar [[r.SkyAtmosphere.FastSkyLUT:1]]
[2020.06.16-21.17.56:536][  0]LogConfig: Setting CVar [[r.SkyAtmosphere.FastSkyLUT.SampleCountMin:4.0]]
[2020.06.16-21.17.56:537][  0]LogConfig: Setting CVar [[r.SkyAtmosphere.FastSkyLUT.SampleCountMax:32.0]]
[2020.06.16-21.17.56:537][  0]LogConfig: Setting CVar [[r.SkyAtmosphere.SampleCountMin:4.0]]
[2020.06.16-21.17.56:537][  0]LogConfig: Setting CVar [[r.SkyAtmosphere.SampleCountMax:32.0]]
[2020.06.16-21.17.56:537][  0]LogConfig: Setting CVar [[r.SkyAtmosphere.TransmittanceLUT.UseSmallFormat:0]]
[2020.06.16-21.17.56:537][  0]LogConfig: Setting CVar [[r.SkyAtmosphere.TransmittanceLUT.SampleCount:10.0]]
[2020.06.16-21.17.56:537][  0]LogConfig: Setting CVar [[r.SkyAtmosphere.MultiScatteringLUT.SampleCount:15.0]]
[2020.06.16-21.17.56:537][  0]LogConfig: Applying CVar settings from Section [FoliageQuality@3] File [D:/UE4Projects/Proto2PlayerGame/Fighting-Game-Unreal/FightingGameArwaMoreFeatures 4.25/Saved/Config/Windows/Scalability.ini]
[2020.06.16-21.17.56:537][  0]LogConfig: Setting CVar [[foliage.DensityScale:1.0]]
[2020.06.16-21.17.56:537][  0]LogConfig: Setting CVar [[grass.DensityScale:1.0]]
[2020.06.16-21.17.56:537][  0]LogConfig: Applying CVar settings from Section [ShadingQuality@3] File [D:/UE4Projects/Proto2PlayerGame/Fighting-Game-Unreal/FightingGameArwaMoreFeatures 4.25/Saved/Config/Windows/Scalability.ini]
[2020.06.16-21.17.56:537][  0]LogConfig: Setting CVar [[r.HairStrands.SkyLighting.SampleCount:16]]
[2020.06.16-21.17.56:537][  0]LogConfig: Setting CVar [[r.HairStrands.SkyLighting.JitterIntegration:0]]
[2020.06.16-21.17.56:537][  0]LogConfig: Setting CVar [[r.HairStrands.SkyAO.SampleCount:16]]
[2020.06.16-21.17.56:537][  0]LogConfig: Setting CVar [[r.HairStrands.DeepShadow.SuperSampling:0]]
[2020.06.16-21.17.56:537][  0]LogConfig: Setting CVar [[r.HairStrands.VisibilityPPLL:0]]
[2020.06.16-21.17.56:537][  0]LogConfig: Setting CVar [[r.HairStrands.RasterizationScale:0.5]]
[2020.06.16-21.17.56:537][  0]LogConfig: Setting CVar [[r.HairStrands.VelocityRasterizationScale:1]]
[2020.06.16-21.17.56:537][  0]LogInit: Selected Device Profile: [Windows]
[2020.06.16-21.17.56:537][  0]LogInit: Applying CVar settings loaded from the selected device profile: [Windows]
[2020.06.16-21.17.56:537][  0]LogHAL: Display: Platform has ~ 8 GB [8519233536 / 8589934592 / 8], which maps to Default [LargestMinGB=32, LargerMinGB=12, DefaultMinGB=8, SmallerMinGB=6, SmallestMinGB=0)
[2020.06.16-21.17.56:537][  0]LogInit: Going up to parent DeviceProfile []
[2020.06.16-21.17.56:537][  0]LogConfig: Applying CVar settings from Section [ViewDistanceQuality@3] File [D:/UE4Projects/Proto2PlayerGame/Fighting-Game-Unreal/FightingGameArwaMoreFeatures 4.25/Saved/Config/Windows/Scalability.ini]
[2020.06.16-21.17.56:537][  0]LogConfig: Setting CVar [[r.SkeletalMeshLODBias:0]]
[2020.06.16-21.17.56:537][  0]LogConfig: Setting CVar [[r.ViewDistanceScale:1.0]]
[2020.06.16-21.17.56:537][  0]LogConfig: Applying CVar settings from Section [AntiAliasingQuality@3] File [D:/UE4Projects/Proto2PlayerGame/Fighting-Game-Unreal/FightingGameArwaMoreFeatures 4.25/Saved/Config/Windows/Scalability.ini]
[2020.06.16-21.17.56:537][  0]LogConfig: Setting CVar [[r.PostProcessAAQuality:4]]
[2020.06.16-21.17.56:537][  0]LogConfig: Applying CVar settings from Section [ShadowQuality@3] File [D:/UE4Projects/Proto2PlayerGame/Fighting-Game-Unreal/FightingGameArwaMoreFeatures 4.25/Saved/Config/Windows/Scalability.ini]
[2020.06.16-21.17.56:537][  0]LogConfig: Setting CVar [[r.LightFunctionQuality:1]]
[2020.06.16-21.17.56:537][  0]LogConfig: Setting CVar [[r.ShadowQuality:5]]
[2020.06.16-21.17.56:537][  0]LogConfig: Setting CVar [[r.Shadow.CSM.MaxCascades:10]]
[2020.06.16-21.17.56:537][  0]LogConfig: Setting CVar [[r.Shadow.MaxResolution:2048]]
[2020.06.16-21.17.56:537][  0]LogConfig: Setting CVar [[r.Shadow.MaxCSMResolution:2048]]
[2020.06.16-21.17.56:537][  0]LogConfig: Setting CVar [[r.Shadow.RadiusThreshold:0.01]]
[2020.06.16-21.17.56:537][  0]LogConfig: Setting CVar [[r.Shadow.DistanceScale:1.0]]
[2020.06.16-21.17.56:537][  0]LogConfig: Setting CVar [[r.Shadow.CSM.TransitionScale:1.0]]
[2020.06.16-21.17.56:537][  0]LogConfig: Setting CVar [[r.Shadow.PreShadowResolutionFactor:1.0]]
[2020.06.16-21.17.56:537][  0]LogConfig: Setting CVar [[r.DistanceFieldShadowing:1]]
[2020.06.16-21.17.56:537][  0]LogConfig: Setting CVar [[r.DistanceFieldAO:1]]
[2020.06.16-21.17.56:537][  0]LogConfig: Setting CVar [[r.AOQuality:2]]
[2020.06.16-21.17.56:537][  0]LogConfig: Setting CVar [[r.VolumetricFog:1]]
[2020.06.16-21.17.56:537][  0]LogConfig: Setting CVar [[r.VolumetricFog.GridPixelSize:8]]
[2020.06.16-21.17.56:537][  0]LogConfig: Setting CVar [[r.VolumetricFog.GridSizeZ:128]]
[2020.06.16-21.17.56:537][  0]LogConfig: Setting CVar [[r.VolumetricFog.HistoryMissSupersampleCount:4]]
[2020.06.16-21.17.56:537][  0]LogConfig: Setting CVar [[r.LightMaxDrawDistanceScale:1]]
[2020.06.16-21.17.56:537][  0]LogConfig: Setting CVar [[r.CapsuleShadows:1]]
[2020.06.16-21.17.56:537][  0]LogConfig: Applying CVar settings from Section [PostProcessQuality@3] File [D:/UE4Projects/Proto2PlayerGame/Fighting-Game-Unreal/FightingGameArwaMoreFeatures 4.25/Saved/Config/Windows/Scalability.ini]
[2020.06.16-21.17.56:537][  0]LogConfig: Setting CVar [[r.MotionBlurQuality:4]]
[2020.06.16-21.17.56:537][  0]LogConfig: Setting CVar [[r.AmbientOcclusionMipLevelFactor:0.4]]
[2020.06.16-21.17.56:537][  0]LogConfig: Setting CVar [[r.AmbientOcclusionMaxQuality:100]]
[2020.06.16-21.17.56:537][  0]LogConfig: Setting CVar [[r.AmbientOcclusionLevels:-1]]
[2020.06.16-21.17.56:537][  0]LogConfig: Setting CVar [[r.AmbientOcclusionRadiusScale:1.0]]
[2020.06.16-21.17.56:537][  0]LogConfig: Setting CVar [[r.DepthOfFieldQuality:2]]
[2020.06.16-21.17.56:537][  0]LogConfig: Setting CVar [[r.RenderTargetPoolMin:400]]
[2020.06.16-21.17.56:537][  0]LogConfig: Setting CVar [[r.LensFlareQuality:2]]
[2020.06.16-21.17.56:537][  0]LogConfig: Setting CVar [[r.SceneColorFringeQuality:1]]
[2020.06.16-21.17.56:537][  0]LogConfig: Setting CVar [[r.EyeAdaptationQuality:2]]
[2020.06.16-21.17.56:537][  0]LogConfig: Setting CVar [[r.BloomQuality:5]]
[2020.06.16-21.17.56:537][  0]LogConfig: Setting CVar [[r.FastBlurThreshold:100]]
[2020.06.16-21.17.56:537][  0]LogConfig: Setting CVar [[r.Upscale.Quality:3]]
[2020.06.16-21.17.56:537][  0]LogConfig: Setting CVar [[r.Tonemapper.GrainQuantization:1]]
[2020.06.16-21.17.56:537][  0]LogConfig: Setting CVar [[r.LightShaftQuality:1]]
[2020.06.16-21.17.56:538][  0]LogConfig: Setting CVar [[r.Filter.SizeScale:1]]
[2020.06.16-21.17.56:538][  0]LogConfig: Setting CVar [[r.Tonemapper.Quality:5]]
[2020.06.16-21.17.56:538][  0]LogConfig: Setting CVar [[r.DOF.Gather.AccumulatorQuality:1        ; higher gathering accumulator quality]]
[2020.06.16-21.17.56:538][  0]LogConfig: Setting CVar [[r.DOF.Gather.PostfilterMethod:1          ; Median3x3 postfilering method]]
[2020.06.16-21.17.56:538][  0]LogConfig: Setting CVar [[r.DOF.Gather.EnableBokehSettings:0       ; no bokeh simulation when gathering]]
[2020.06.16-21.17.56:538][  0]LogConfig: Setting CVar [[r.DOF.Gather.RingCount:4                 ; medium number of samples when gathering]]
[2020.06.16-21.17.56:538][  0]LogConfig: Setting CVar [[r.DOF.Scatter.ForegroundCompositing:1    ; additive foreground scattering]]
[2020.06.16-21.17.56:538][  0]LogConfig: Setting CVar [[r.DOF.Scatter.BackgroundCompositing:2    ; additive background scattering]]
[2020.06.16-21.17.56:538][  0]LogConfig: Setting CVar [[r.DOF.Scatter.EnableBokehSettings:1      ; bokeh simulation when scattering]]
[2020.06.16-21.17.56:538][  0]LogConfig: Setting CVar [[r.DOF.Scatter.MaxSpriteRatio:0.1         ; only a maximum of 10% of scattered bokeh]]
[2020.06.16-21.17.56:538][  0]LogConfig: Setting CVar [[r.DOF.Recombine.Quality:1                ; cheap slight out of focus]]
[2020.06.16-21.17.56:538][  0]LogConfig: Setting CVar [[r.DOF.Recombine.EnableBokehSettings:0    ; no bokeh simulation on slight out of focus]]
[2020.06.16-21.17.56:538][  0]LogConfig: Setting CVar [[r.DOF.TemporalAAQuality:1                ; more stable temporal accumulation]]
[2020.06.16-21.17.56:538][  0]LogConfig: Setting CVar [[r.DOF.Kernel.MaxForegroundRadius:0.025]]
[2020.06.16-21.17.56:538][  0]LogConfig: Setting CVar [[r.DOF.Kernel.MaxBackgroundRadius:0.025]]
[2020.06.16-21.17.56:538][  0]LogConfig: Applying CVar settings from Section [TextureQuality@3] File [D:/UE4Projects/Proto2PlayerGame/Fighting-Game-Unreal/FightingGameArwaMoreFeatures 4.25/Saved/Config/Windows/Scalability.ini]
[2020.06.16-21.17.56:538][  0]LogConfig: Setting CVar [[r.Streaming.MipBias:0]]
[2020.06.16-21.17.56:538][  0]LogConfig: Setting CVar [[r.Streaming.AmortizeCPUToGPUCopy:0]]
[2020.06.16-21.17.56:538][  0]LogConfig: Setting CVar [[r.Streaming.MaxNumTexturesToStreamPerFrame:0]]
[2020.06.16-21.17.56:538][  0]LogConfig: Setting CVar [[r.Streaming.Boost:1]]
[2020.06.16-21.17.56:538][  0]LogConfig: Setting CVar [[r.MaxAnisotropy:8]]
[2020.06.16-21.17.56:538][  0]LogConfig: Setting CVar [[r.VT.MaxAnisotropy:8]]
[2020.06.16-21.17.56:538][  0]LogConfig: Setting CVar [[r.Streaming.LimitPoolSizeToVRAM:0]]
[2020.06.16-21.17.56:538][  0]LogConfig: Setting CVar [[r.Streaming.PoolSize:1000]]
[2020.06.16-21.17.56:538][  0]LogConfig: Setting CVar [[r.Streaming.MaxEffectiveScreenSize:0]]
[2020.06.16-21.17.56:538][  0]LogConfig: Applying CVar settings from Section [EffectsQuality@3] File [D:/UE4Projects/Proto2PlayerGame/Fighting-Game-Unreal/FightingGameArwaMoreFeatures 4.25/Saved/Config/Windows/Scalability.ini]
[2020.06.16-21.17.56:538][  0]LogConfig: Setting CVar [[r.TranslucencyLightingVolumeDim:64]]
[2020.06.16-21.17.56:538][  0]LogConfig: Setting CVar [[r.RefractionQuality:2]]
[2020.06.16-21.17.56:538][  0]LogConfig: Setting CVar [[r.SSR.Quality:3]]
[2020.06.16-21.17.56:538][  0]LogConfig: Setting CVar [[r.SSR.HalfResSceneColor:0]]
[2020.06.16-21.17.56:538][  0]LogConfig: Setting CVar [[r.SceneColorFormat:4]]
[2020.06.16-21.17.56:538][  0]LogConfig: Setting CVar [[r.DetailMode:2]]
[2020.06.16-21.17.56:538][  0]LogConfig: Setting CVar [[r.TranslucencyVolumeBlur:1]]
[2020.06.16-21.17.56:538][  0]LogConfig: Setting CVar [[r.MaterialQualityLevel:1 ; High quality]]
[2020.06.16-21.17.56:538][  0]LogConfig: Setting CVar [[r.SSS.Scale:1]]
[2020.06.16-21.17.56:538][  0]LogConfig: Setting CVar [[r.SSS.SampleSet:2]]
[2020.06.16-21.17.56:538][  0]LogConfig: Setting CVar [[r.SSS.Quality:1]]
[2020.06.16-21.17.56:538][  0]LogConfig: Setting CVar [[r.SSS.HalfRes:0]]
[2020.06.16-21.17.56:538][  0]LogConfig: Setting CVar [[r.SSGI.Quality:3]]
[2020.06.16-21.17.56:538][  0]LogConfig: Setting CVar [[r.EmitterSpawnRateScale:1.0]]
[2020.06.16-21.17.56:538][  0]LogConfig: Setting CVar [[r.ParticleLightQuality:2]]
[2020.06.16-21.17.56:538][  0]LogConfig: Setting CVar [[r.SkyAtmosphere.AerialPerspectiveLUT.FastApplyOnOpaque:1 ; Always have FastSkyLUT 1 in this case to avoid wrong sky]]
[2020.06.16-21.17.56:538][  0]LogConfig: Setting CVar [[r.SkyAtmosphere.AerialPerspectiveLUT.SampleCountPerSlice:1]]
[2020.06.16-21.17.56:538][  0]LogConfig: Setting CVar [[r.SkyAtmosphere.AerialPerspectiveLUT.DepthResolution:16.0]]
[2020.06.16-21.17.56:538][  0]LogConfig: Setting CVar [[r.SkyAtmosphere.FastSkyLUT:1]]
[2020.06.16-21.17.56:538][  0]LogConfig: Setting CVar [[r.SkyAtmosphere.FastSkyLUT.SampleCountMin:4.0]]
[2020.06.16-21.17.56:538][  0]LogConfig: Setting CVar [[r.SkyAtmosphere.FastSkyLUT.SampleCountMax:32.0]]
[2020.06.16-21.17.56:538][  0]LogConfig: Setting CVar [[r.SkyAtmosphere.SampleCountMin:4.0]]
[2020.06.16-21.17.56:538][  0]LogConfig: Setting CVar [[r.SkyAtmosphere.SampleCountMax:32.0]]
[2020.06.16-21.17.56:538][  0]LogConfig: Setting CVar [[r.SkyAtmosphere.TransmittanceLUT.UseSmallFormat:0]]
[2020.06.16-21.17.56:538][  0]LogConfig: Setting CVar [[r.SkyAtmosphere.TransmittanceLUT.SampleCount:10.0]]
[2020.06.16-21.17.56:538][  0]LogConfig: Setting CVar [[r.SkyAtmosphere.MultiScatteringLUT.SampleCount:15.0]]
[2020.06.16-21.17.56:538][  0]LogConfig: Applying CVar settings from Section [FoliageQuality@3] File [D:/UE4Projects/Proto2PlayerGame/Fighting-Game-Unreal/FightingGameArwaMoreFeatures 4.25/Saved/Config/Windows/Scalability.ini]
[2020.06.16-21.17.56:538][  0]LogConfig: Setting CVar [[foliage.DensityScale:1.0]]
[2020.06.16-21.17.56:538][  0]LogConfig: Setting CVar [[grass.DensityScale:1.0]]
[2020.06.16-21.17.56:538][  0]LogConfig: Applying CVar settings from Section [ShadingQuality@3] File [D:/UE4Projects/Proto2PlayerGame/Fighting-Game-Unreal/FightingGameArwaMoreFeatures 4.25/Saved/Config/Windows/Scalability.ini]
[2020.06.16-21.17.56:538][  0]LogConfig: Setting CVar [[r.HairStrands.SkyLighting.SampleCount:16]]
[2020.06.16-21.17.56:538][  0]LogConfig: Setting CVar [[r.HairStrands.SkyLighting.JitterIntegration:0]]
[2020.06.16-21.17.56:538][  0]LogConfig: Setting CVar [[r.HairStrands.SkyAO.SampleCount:16]]
[2020.06.16-21.17.56:538][  0]LogConfig: Setting CVar [[r.HairStrands.DeepShadow.SuperSampling:0]]
[2020.06.16-21.17.56:538][  0]LogConfig: Setting CVar [[r.HairStrands.VisibilityPPLL:0]]
[2020.06.16-21.17.56:538][  0]LogConfig: Setting CVar [[r.HairStrands.RasterizationScale:0.5]]
[2020.06.16-21.17.56:538][  0]LogConfig: Setting CVar [[r.HairStrands.VelocityRasterizationScale:1]]
[2020.06.16-21.17.56:538][  0]LogConfig: Applying CVar settings from Section [Startup] File [../../../Engine/Config/ConsoleVariables.ini]
[2020.06.16-21.17.56:539][  0]LogConfig: Setting CVar [[net.UseAdaptiveNetUpdateFrequency:0]]
[2020.06.16-21.17.56:539][  0]LogConfig: Setting CVar [[p.chaos.AllowCreatePhysxBodies:1]]
[2020.06.16-21.17.56:539][  0]LogConfig: Setting CVar [[fx.SkipVectorVMBackendOptimizations:1]]
[2020.06.16-21.17.56:539][  0]LogConfig: Applying CVar settings from Section [ConsoleVariables] File [D:/UE4Projects/Proto2PlayerGame/Fighting-Game-Unreal/FightingGameArwaMoreFeatures 4.25/Saved/Config/Windows/Engine.ini]
[2020.06.16-21.17.56:539][  0]LogInit: Computer: DESKTOP-M7JG6D6
[2020.06.16-21.17.56:539][  0]LogInit: User: Benjamin
[2020.06.16-21.17.56:539][  0]LogInit: CPU Page size=4096, Cores=8
[2020.06.16-21.17.56:539][  0]LogInit: High frequency timer resolution =10.000000 MHz
[2020.06.16-21.17.56:539][  0]LogMemory: Memory total: Physical=7.9GB (8GB approx)
[2020.06.16-21.17.56:539][  0]LogMemory: Platform Memory Stats for Windows
[2020.06.16-21.17.56:539][  0]LogMemory: Process Physical Memory: 114.84 MB used, 114.84 MB peak
[2020.06.16-21.17.56:539][  0]LogMemory: Process Virtual Memory: 98.42 MB used, 98.42 MB peak
[2020.06.16-21.17.56:539][  0]LogMemory: Physical Memory: 6374.70 MB used,  1749.88 MB free, 8124.57 MB total
[2020.06.16-21.17.56:539][  0]LogMemory: Virtual Memory: 5200.42 MB used,  134212528.00 MB free, 134217728.00 MB total
[2020.06.16-21.17.56:548][  0]LogWindows: WindowsPlatformFeatures enabled
[2020.06.16-21.17.56:592][  0]LogInit: Physics initialised using underlying interface: PhysX
[2020.06.16-21.17.56:592][  0]LogInit: Using OS detected language (en-GB).
[2020.06.16-21.17.56:592][  0]LogInit: Using OS detected locale (en-CA).
[2020.06.16-21.17.56:599][  0]LogTextLocalizationManager: No specific localization for 'en-GB' exists, so the 'en' localization will be used.
[2020.06.16-21.17.56:809][  0]LogInit: Setting process to per monitor DPI aware
[2020.06.16-21.17.56:861][  0]LogSlate: New Slate User Created.  User Index 0, Is Virtual User: 0
[2020.06.16-21.17.56:861][  0]LogSlate: Slate User Registered.  User Index 0, Is Virtual User: 0
[2020.06.16-21.17.57:010][  0]LogHMD: Failed to initialize OpenVR with code 110
[2020.06.16-21.17.57:010][  0]LogD3D11RHI: D3D11 min allowed feature level: 11_0
[2020.06.16-21.17.57:010][  0]LogD3D11RHI: D3D11 max allowed feature level: 11_0
[2020.06.16-21.17.57:010][  0]LogD3D11RHI: D3D11 adapters:
[2020.06.16-21.17.57:063][  0]LogD3D11RHI:    0. 'Radeon RX 580 Series' (Feature Level 11_0)
[2020.06.16-21.17.57:063][  0]LogD3D11RHI:       4075/0/4062 MB DedicatedVideo/DedicatedSystem/SharedSystem, Outputs:2, VendorId:0x1002
[2020.06.16-21.17.57:065][  0]LogD3D11RHI:    1. 'Microsoft Basic Render Driver' (Feature Level 11_0)
[2020.06.16-21.17.57:065][  0]LogD3D11RHI:       0/0/4062 MB DedicatedVideo/DedicatedSystem/SharedSystem, Outputs:0, VendorId:0x1414
[2020.06.16-21.17.57:065][  0]LogD3D11RHI: Chosen D3D11 Adapter: 0
[2020.06.16-21.17.57:076][  0]LogD3D11RHI: Creating new Direct3DDevice
[2020.06.16-21.17.57:076][  0]LogD3D11RHI:     GPU DeviceId: 0x67df (for the marketing name, search the web for "GPU Device Id")
[2020.06.16-21.17.57:076][  0]LogWindows: EnumDisplayDevices:
[2020.06.16-21.17.57:076][  0]LogWindows:    0. 'Radeon RX 580 Series' (P:1 D:1)
[2020.06.16-21.17.57:076][  0]LogWindows:    1. 'Radeon RX 580 Series' (P:0 D:1)
[2020.06.16-21.17.57:076][  0]LogWindows:    2. 'Radeon RX 580 Series' (P:0 D:0)
[2020.06.16-21.17.57:077][  0]LogWindows:    3. 'Radeon RX 580 Series' (P:0 D:0)
[2020.06.16-21.17.57:077][  0]LogWindows:    4. 'Radeon RX 580 Series' (P:0 D:0)
[2020.06.16-21.17.57:077][  0]LogWindows:    5. 'Radeon RX 580 Series' (P:0 D:0)
[2020.06.16-21.17.57:078][  0]LogWindows:    6. 'Radeon RX 580 Series' (P:0 D:0)
[2020.06.16-21.17.57:078][  0]LogWindows:    7. 'Radeon RX 580 Series' (P:0 D:0)
[2020.06.16-21.17.57:078][  0]LogWindows: DebugString: FoundDriverCount:8 
[2020.06.16-21.17.57:078][  0]LogD3D11RHI:     Adapter Name: Radeon RX 580 Series
[2020.06.16-21.17.57:078][  0]LogD3D11RHI:   Driver Version: Adrenalin 2020 20.3.1 (internal:26.20.15029.15007, unified:26.20.15029.15007)
[2020.06.16-21.17.57:078][  0]LogD3D11RHI:      Driver Date: 3-17-2020
[2020.06.16-21.17.57:078][  0]LogRHI: Texture pool is 2425 MB (70% of 3464 MB)
[2020.06.16-21.17.57:149][  0]LogD3D11RHI: RHI has support for 64 bit atomics
[2020.06.16-21.17.57:149][  0]LogD3D11RHI: Async texture creation enabled
[2020.06.16-21.17.57:149][  0]LogD3D11RHI: Array index from any shader is supported
[2020.06.16-21.17.57:167][  0]LogD3D11RHI: GPU Timing Frequency: 25.000000 (Debug: 2 1)
[2020.06.16-21.17.57:521][  0]LogTargetPlatformManager: Display: Loaded TargetPlatform 'AllDesktop'
[2020.06.16-21.17.57:548][  0]LogTargetPlatformManager: Display: Loaded TargetPlatform 'Android'
[2020.06.16-21.17.57:548][  0]LogTargetPlatformManager: Display: Loaded TargetPlatform 'Android_ASTC'
[2020.06.16-21.17.57:548][  0]LogTargetPlatformManager: Display: Loaded TargetPlatform 'Android_DXT'
[2020.06.16-21.17.57:548][  0]LogTargetPlatformManager: Display: Loaded TargetPlatform 'Android_ETC2'
[2020.06.16-21.17.57:548][  0]LogTargetPlatformManager: Display: Loaded TargetPlatform 'AndroidClient'
[2020.06.16-21.17.57:548][  0]LogTargetPlatformManager: Display: Loaded TargetPlatform 'Android_ASTCClient'
[2020.06.16-21.17.57:548][  0]LogTargetPlatformManager: Display: Loaded TargetPlatform 'Android_DXTClient'
[2020.06.16-21.17.57:548][  0]LogTargetPlatformManager: Display: Loaded TargetPlatform 'Android_ETC2Client'
[2020.06.16-21.17.57:548][  0]LogTargetPlatformManager: Display: Loaded TargetPlatform 'Android_Multi'
[2020.06.16-21.17.57:548][  0]LogTargetPlatformManager: Display: Loaded TargetPlatform 'Android_MultiClient'
[2020.06.16-21.17.57:584][  0]LogTargetPlatformManager: Display: Loaded TargetPlatform 'IOSClient'
[2020.06.16-21.17.57:584][  0]LogTargetPlatformManager: Display: Loaded TargetPlatform 'IOS'
[2020.06.16-21.17.57:597][  0]LogTargetPlatformManager: Display: Loaded TargetPlatform 'Linux'
[2020.06.16-21.17.57:617][  0]LogTargetPlatformManager: Display: Loaded TargetPlatform 'LinuxNoEditor'
[2020.06.16-21.17.57:627][  0]LogTargetPlatformManager: Display: Loaded TargetPlatform 'LinuxClient'
[2020.06.16-21.17.57:647][  0]LogTargetPlatformManager: Display: Loaded TargetPlatform 'LinuxServer'
[2020.06.16-21.17.57:668][  0]LogTargetPlatformManager: Display: Loaded TargetPlatform 'LinuxAArch64NoEditor'
[2020.06.16-21.17.57:682][  0]LogTargetPlatformManager: Display: Loaded TargetPlatform 'LinuxAArch64Client'
[2020.06.16-21.17.57:691][  0]LogTargetPlatformManager: Display: Loaded TargetPlatform 'LinuxAArch64Server'
[2020.06.16-21.17.57:717][  0]LogTargetPlatformManager: Display: Loaded TargetPlatform 'Lumin'
[2020.06.16-21.17.57:717][  0]LogTargetPlatformManager: Display: Loaded TargetPlatform 'LuminClient'
[2020.06.16-21.17.57:733][  0]LogTargetPlatformManager: Display: Loaded TargetPlatform 'TVOSClient'
[2020.06.16-21.17.57:733][  0]LogTargetPlatformManager: Display: Loaded TargetPlatform 'TVOS'
[2020.06.16-21.17.57:756][  0]LogTargetPlatformManager: Display: Loaded TargetPlatform 'WindowsNoEditor'
[2020.06.16-21.17.57:773][  0]LogTargetPlatformManager: Display: Loaded TargetPlatform 'Windows'
[2020.06.16-21.17.57:793][  0]LogTargetPlatformManager: Display: Loaded TargetPlatform 'WindowsClient'
[2020.06.16-21.17.57:805][  0]LogTargetPlatformManager: Display: Loaded TargetPlatform 'WindowsServer'
[2020.06.16-21.17.57:805][  0]LogTargetPlatformManager: Display: Building Assets For Windows
[2020.06.16-21.17.57:817][  0]LogAudioDebug: Display: Lib vorbis DLL was dynamically loaded.
[2020.06.16-21.17.57:891][  0]LogShaderCompilers: Guid format shader working directory is -37 characters bigger than the processId version (D:/UE4Projects/Proto2PlayerGame/Fighting-Game-Unreal/FightingGameArwaMoreFeatures 4.25/Intermediate/Shaders/WorkingDirectory/1476/).
[2020.06.16-21.17.57:891][  0]LogShaderCompilers: Cleaned the shader compiler working directory 'C:/Users/Benjamin/AppData/Local/Temp/UnrealShaderWorkingDir/6AFDB8D74D215F792C61F7A4ED53C682/'.
[2020.06.16-21.17.57:892][  0]LogXGEController: Cannot use XGE Controller as Incredibuild is not installed on this machine.
[2020.06.16-21.17.57:892][  0]LogShaderCompilers: Cannot use XGE Shader Compiler as Incredibuild is not installed on this machine.
[2020.06.16-21.17.57:892][  0]LogShaderCompilers: Display: Using Local Shader Compiler.
[2020.06.16-21.17.58:647][  0]LogDerivedDataCache: Display: Max Cache Size: 512 MB
[2020.06.16-21.17.58:706][  0]LogDerivedDataCache: Loaded boot cache 0.06s 75MB C:/Users/Benjamin/AppData/Local/UnrealEngine/4.25/DerivedDataCache/Boot.ddc.
[2020.06.16-21.17.58:706][  0]LogDerivedDataCache: Display: Loaded Boot cache: C:/Users/Benjamin/AppData/Local/UnrealEngine/4.25/DerivedDataCache/Boot.ddc
[2020.06.16-21.17.58:706][  0]LogDerivedDataCache: FDerivedDataBackendGraph:  Pak pak cache file D:/UE4Projects/Proto2PlayerGame/Fighting-Game-Unreal/FightingGameArwaMoreFeatures 4.25/DerivedDataCache/DDC.ddp not found, will not use a pak cache.
[2020.06.16-21.17.58:706][  0]LogDerivedDataCache: Unable to find inner node Pak for hierarchical cache Hierarchy.
[2020.06.16-21.17.58:706][  0]LogDerivedDataCache: FDerivedDataBackendGraph:  CompressedPak pak cache file D:/UE4Projects/Proto2PlayerGame/Fighting-Game-Unreal/FightingGameArwaMoreFeatures 4.25/DerivedDataCache/Compressed.ddp not found, will not use a pak cache.
[2020.06.16-21.17.58:706][  0]LogDerivedDataCache: Unable to find inner node CompressedPak for hierarchical cache Hierarchy.
[2020.06.16-21.17.58:717][  0]LogDerivedDataCache: Display: Pak cache opened for reading ../../../Engine/DerivedDataCache/Compressed.ddp.
[2020.06.16-21.17.58:717][  0]LogDerivedDataCache: FDerivedDataBackendGraph:  EnterprisePak pak cache file ../../../Enterprise/DerivedDataCache/Compressed.ddp not found, will not use a pak cache.
[2020.06.16-21.17.58:717][  0]LogDerivedDataCache: Unable to find inner node EnterprisePak for hierarchical cache Hierarchy.
[2020.06.16-21.17.58:719][  0]LogDerivedDataCache: Using Local data cache path C:/Users/Benjamin/AppData/Local/UnrealEngine/Common/DerivedDataCache: Writable
[2020.06.16-21.17.58:719][  0]LogDerivedDataCache: Shared data cache path not found in *engine.ini, will not use an Shared cache.
[2020.06.16-21.17.58:719][  0]LogDerivedDataCache: Unable to find inner node Shared for hierarchical cache Hierarchy.
[2020.06.16-21.17.58:771][  0]LogSlate: Using FreeType 2.10.0
[2020.06.16-21.17.58:772][  0]LogSlate: SlateFontServices - WITH_FREETYPE: 1, WITH_HARFBUZZ: 1
[2020.06.16-21.17.58:811][  0]LogAssetRegistry: FAssetRegistry took 0.0057 seconds to start up
[2020.06.16-21.17.59:046][  0]LogInit: Selected Device Profile: [Windows]
[2020.06.16-21.17.59:175][  0]LogMeshReduction: Using QuadricMeshReduction for automatic static mesh reduction
[2020.06.16-21.17.59:175][  0]LogMeshReduction: Using SimplygonMeshReduction for automatic skeletal mesh reduction
[2020.06.16-21.17.59:175][  0]LogMeshReduction: Using ProxyLODMeshReduction for automatic mesh merging
[2020.06.16-21.17.59:175][  0]LogMeshReduction: No distributed automatic mesh merging module available
[2020.06.16-21.17.59:175][  0]LogMeshMerging: No distributed automatic mesh merging module available
[2020.06.16-21.17.59:199][  0]LogNetVersion: FightingGameArwa 1.0.0, NetCL: 13144385, EngineNetVer: 14, GameNetVer: 0 (Checksum: 4275367899)
[2020.06.16-21.17.59:645][  0]LogAISub: UAISubsystem::UAISubsystem AISubsystem (000002370C06DD40), frame # 0
[2020.06.16-21.17.59:645][  0]LogAISub: UAISubsystem::UAISubsystem AIPerceptionSystem (0000023710403C40), frame # 0
[2020.06.16-21.17.59:647][  0]LogAISub: UAISubsystem::UAISubsystem EnvQueryManager (000002370BFFE000), frame # 0
[2020.06.16-21.17.59:697][  0]LogPackageLocalizationCache: Processed 19 localized package path(s) for 1 prioritized culture(s) in 0.043811 seconds
[2020.06.16-21.17.59:703][  0]LogUObjectArray: 15917 objects as part of root set at end of initial load.
[2020.06.16-21.17.59:703][  0]LogUObjectAllocator: 3965568 out of 0 bytes used by permanent object pool.
[2020.06.16-21.17.59:703][  0]LogUObjectArray: CloseDisregardForGC: 0/0 objects in disregard for GC pool
[2020.06.16-21.18.00:162][  0]LogTcpMessaging: Initializing TcpMessaging bridge
[2020.06.16-21.18.00:215][  0]LogUdpMessaging: Initializing bridge on interface 0.0.0.0:0 to multicast group 230.0.0.1:6666.
[2020.06.16-21.18.00:330][  0]SourceControl: Source control is disabled
[2020.06.16-21.18.00:331][  0]SourceControl: Source control is disabled
[2020.06.16-21.18.00:338][  0]SourceControl: Source control is disabled
[2020.06.16-21.18.00:344][  0]SourceControl: Source control is disabled
[2020.06.16-21.18.00:356][  0]SourceControl: Source control is disabled
[2020.06.16-21.18.00:383][  0]LogVSAccessor: Display: Unable to create Visual Studio setup instance: 80040154
[2020.06.16-21.18.00:384][  0]LogVSAccessor: Display: Unable to create Visual Studio setup instance: 80040154
[2020.06.16-21.18.00:715][  0]LogAndroidPermission: UAndroidPermissionCallbackProxy::GetInstance
[2020.06.16-21.18.00:737][  0]LogAudioCaptureCore: Display: No Audio Capture implementations found. Audio input will be silent.
[2020.06.16-21.18.00:737][  0]LogAudioCaptureCore: Display: No Audio Capture implementations found. Audio input will be silent.
[2020.06.16-21.18.00:834][  0]LogOcInput: OculusInput pre-init called
[2020.06.16-21.18.00:850][  0]LogWindows: Failed to load 'OVRPlugin.dll' (GetLastError=126)
[2020.06.16-21.18.00:850][  0]LogWindows: File 'OVRPlugin.dll' does not exist
[2020.06.16-21.18.00:933][  0]LogEngine: Initializing Engine...
[2020.06.16-21.18.00:934][  0]LogHMD: Failed to initialize OpenVR with code 110
[2020.06.16-21.18.00:934][  0]LogMagicLeap: Warning: VR disabled because ZI is not enabled.  To enable, in the editor, Edit -> Project Settings -> Plugins -> Magic Leap Plugin -> Enable Zero Iteration
[2020.06.16-21.18.00:935][  0]LogStats: UGameplayTagsManager::InitializeManager -  0.000 s
[2020.06.16-21.18.01:083][  0]LogInit: Initializing FReadOnlyCVARCache
[2020.06.16-21.18.01:096][  0]LogAIModule: Creating AISystem for world Untitled
[2020.06.16-21.18.01:096][  0]LogAISub: UAISubsystem::UAISubsystem EnvQueryManager (0000023717908800), frame # 0
[2020.06.16-21.18.01:096][  0]LogAISub: UAISubsystem::UAISubsystem AIPerceptionSystem (0000023717928A40), frame # 0
[2020.06.16-21.18.01:118][  0]LogAudioMixer: Display: Audio Mixer Platform Settings:
[2020.06.16-21.18.01:118][  0]LogAudioMixer: Display: 	Sample Rate:						  48000
[2020.06.16-21.18.01:118][  0]LogAudioMixer: Display: 	Callback Buffer Frame Size Requested: 1024
[2020.06.16-21.18.01:118][  0]LogAudioMixer: Display: 	Callback Buffer Frame Size To Use:	  1024
[2020.06.16-21.18.01:118][  0]LogAudioMixer: Display: 	Number of buffers to queue:			  2
[2020.06.16-21.18.01:118][  0]LogAudioMixer: Display: 	Max Channels (voices):				  32
[2020.06.16-21.18.01:118][  0]LogAudioMixer: Display: 	Number of Async Source Workers:		  0
[2020.06.16-21.18.01:118][  0]LogAudio: Display: AudioDevice MaxSources: 32
[2020.06.16-21.18.01:118][  0]LogAudio: Display: Using built-in audio occlusion.
[2020.06.16-21.18.01:118][  0]LogAudioMixer: Display: Initializing audio mixer.
[2020.06.16-21.18.01:130][  0]LogAudioMixer: Display: 0: FrontLeft
[2020.06.16-21.18.01:130][  0]LogAudioMixer: Display: 1: FrontRight
[2020.06.16-21.18.01:163][  0]LogAudioMixer: Display: Using Audio Device Headphones (2- High Definition Audio Device)
[2020.06.16-21.18.01:167][  0]LogAudioMixer: Display: Initializing Sound Submixes...
[2020.06.16-21.18.01:169][  0]LogAudioMixer: Display: Creating Master Submix 'MasterSubmixDefault'
[2020.06.16-21.18.01:169][  0]LogAudioMixer: Display: Creating Master Submix 'MasterReverbSubmixDefault'
[2020.06.16-21.18.01:170][  0]LogAudioMixer: Display: Creating Master Submix 'MasterEQSubmixDefault'
[2020.06.16-21.18.01:171][  0]LogInit: FAudioDevice initialized.
[2020.06.16-21.18.01:172][  0]LogNetVersion: Set ProjectVersion to 1.0.0.0. Version Checksum will be recalculated on next use.
[2020.06.16-21.18.01:237][  0]LogDerivedDataCache: Saved boot cache 0.07s 75MB C:/Users/Benjamin/AppData/Local/UnrealEngine/4.25/DerivedDataCache/Boot.ddc.
[2020.06.16-21.18.01:248][  0]LogInit: Texture streaming: Enabled
[2020.06.16-21.18.01:268][  0]LogEngineSessionManager: EngineSessionManager initialized
[2020.06.16-21.18.01:268][  0]LogEditorSessionSummary: Verbose: Initializing EditorSessionSummaryWriter for editor session tracking
[2020.06.16-21.18.01:270][  0]LogEditorSessionSummary: EditorSessionSummaryWriter initialized
[2020.06.16-21.18.01:295][  0]LogInit: Transaction tracking system initialized
[2020.06.16-21.18.01:324][  0]BlueprintLog: New page: Editor Load
[2020.06.16-21.18.01:415][  0]LocalizationService: Localization service is disabled
[2020.06.16-21.18.01:563][  0]LogVSAccessor: Display: Unable to create Visual Studio setup instance: 80040154
[2020.06.16-21.18.01:563][  0]LogVSAccessor: Display: Unable to create Visual Studio setup instance: 80040154
[2020.06.16-21.18.01:654][  0]LogCook: Display: Max memory allowance for cook 16384mb min free memory 0mb
[2020.06.16-21.18.01:654][  0]LogCook: Display: Mobile HDR setting 1
[2020.06.16-21.18.01:800][  0]LogFileCache: Scanning file cache for directory 'D:/UE4Projects/Proto2PlayerGame/Fighting-Game-Unreal/FightingGameArwaMoreFeatures 4.25/Content/' took 0.00s
[2020.06.16-21.18.02:003][  0]SourceControl: Source control is disabled
[2020.06.16-21.18.02:003][  0]LogUnrealEdMisc: Loading editor; pre map load, took 7.962
[2020.06.16-21.18.02:004][  0]Cmd: MAP LOAD FILE="D:/UE4Projects/Proto2PlayerGame/Fighting-Game-Unreal/FightingGameArwaMoreFeatures 4.25/Content/Map/Fight.umap" TEMPLATE=0 SHOWPROGRESS=1 FEATURELEVEL=3
[2020.06.16-21.18.02:004][  0]LightingResults: New page: Lighting Build
[2020.06.16-21.18.02:004][  0]LogWorld: UWorld::CleanupWorld for Untitled, bSessionEnded=true, bCleanupResources=true
[2020.06.16-21.18.02:005][  0]LogSlate: InvalidateAllWidgets triggered.  All widgets were invalidated
[2020.06.16-21.18.02:005][  0]MapCheck: New page: Map Check
[2020.06.16-21.18.02:005][  0]LightingResults: New page: Lighting Build
[2020.06.16-21.18.02:024][  0]LogAISub: UAISubsystem::~UAISubsystem EnvQueryManager (0000023717908800), frame # 0
[2020.06.16-21.18.02:024][  0]LogAISub: UAISubsystem::~UAISubsystem AIPerceptionSystem (0000023717928A40), frame # 0
[2020.06.16-21.18.02:024][  0]LogUObjectHash: Compacting FUObjectHashTables data took   0.70ms
[2020.06.16-21.18.02:089][  0]LogBlueprint: Warning: [Compiler Animation] Set isAttacking  was pruned because its Exec pin is not connected, the connected value is not available and will instead be read as default
[2020.06.16-21.18.02:283][  0]LogTexture: Display: Building textures: HQ_Lightmap1_2 (AutoDXT, 64X64)
[2020.06.16-21.18.02:283][  0]LogTexture: Display: Building textures: ShadowMapTexture2D_3 (BGRA8, 32X32)
[2020.06.16-21.18.02:283][  0]LogTexture: Display: Building textures: ShadowMapTexture2D_2 (BGRA8, 128X128)
[2020.06.16-21.18.02:284][  0]LogTexture: Display: Building textures: LQ_Lightmap_1_2 (DXT1, 64X64)
[2020.06.16-21.18.02:284][  0]LogTexture: Display: Building textures: LQ_Lightmap_1_1 (DXT1, 256X256)
[2020.06.16-21.18.02:284][  0]LogTexture: Display: Building textures: HQ_Lightmap1_1 (AutoDXT, 256X256)
[2020.06.16-21.18.02:284][  0]LogAnimationCompression: Building Anim DDC data for AnimSequence /Game/Character/Mannequin/Animations/Falling_Back_Death_Anim_mixamo_com.Falling_Back_Death_Anim_mixamo_com
[2020.06.16-21.18.02:284][  0]LogMaterial: Display: Missing cached shader map for material UE4_maniquen, compiling. 
[2020.06.16-21.18.02:374][  0]LogAnimationCompression: Building Anim DDC data for AnimSequence /Game/Character/Mannequin/Animations/untitled_Anim_Armature_Armature_mixamo_com_Layer0.untitled_Anim_Armature_Armature_mixamo_com_Layer0
[2020.06.16-21.18.02:374][  0]LogShaderCompilers: Display: Worker (1/13): shaders left to compile 39
[2020.06.16-21.18.02:374][  0]LogShaderCompilers: Display: Worker (2/13): shaders left to compile 35
[2020.06.16-21.18.02:374][  0]LogShaderCompilers: Display: Worker (3/13): shaders left to compile 31
[2020.06.16-21.18.02:374][  0]LogShaderCompilers: Display: Worker (4/13): shaders left to compile 27
[2020.06.16-21.18.02:374][  0]LogShaderCompilers: Display: Worker (5/13): shaders left to compile 23
[2020.06.16-21.18.02:374][  0]LogShaderCompilers: Display: Worker (6/13): shaders left to compile 19
[2020.06.16-21.18.02:374][  0]LogShaderCompilers: Display: Worker (7/13): shaders left to compile 15
[2020.06.16-21.18.02:374][  0]LogShaderCompilers: Display: Worker (8/13): shaders left to compile 11
[2020.06.16-21.18.02:374][  0]LogShaderCompilers: Display: Worker (9/13): shaders left to compile 7
[2020.06.16-21.18.02:374][  0]LogShaderCompilers: Display: Worker (10/13): shaders left to compile 3
[2020.06.16-21.18.02:374][  0]LogSkeletalMesh: Building Skeletal Mesh SK_Mannequin...
[2020.06.16-21.18.02:444][  0]LogSkeletalMesh: Built Skeletal Mesh [0.07s] /Game/Character/Mannequin/Character/SK_Mannequin.SK_Mannequin
[2020.06.16-21.18.02:450][  0]LogAIModule: Creating AISystem for world Fight
[2020.06.16-21.18.02:450][  0]LogAISub: UAISubsystem::UAISubsystem EnvQueryManager (0000023708C53E00), frame # 0
[2020.06.16-21.18.02:450][  0]LogAISub: UAISubsystem::UAISubsystem AIPerceptionSystem (0000023708D3ED40), frame # 0
[2020.06.16-21.18.02:459][  0]LogEditorServer: Finished looking for orphan Actors (0.000 secs)
[2020.06.16-21.18.02:477][  0]LogUObjectHash: Compacting FUObjectHashTables data took   0.99ms
[2020.06.16-21.18.02:478][  0]Cmd: MAP CHECKDEP NOCLEARLOG
[2020.06.16-21.18.02:478][  0]MapCheck: Map check complete: 0 Error(s), 0 Warning(s), took 0.095ms to complete.
[2020.06.16-21.18.02:478][  0]LogFileHelpers: Loading map 'Fight' took 0.475
[2020.06.16-21.18.02:480][  0]LogUnrealEdMisc: Total Editor Startup Time, took 8.439
[2020.06.16-21.18.02:643][  0]LogSlate: Updating window title bar state: overlay mode, drag disabled, window buttons hidden, title bar hidden
[2020.06.16-21.18.02:655][  0]LogSlate: Updating window title bar state: overlay mode, drag disabled, window buttons hidden, title bar hidden
[2020.06.16-21.18.02:666][  0]LogSlate: Updating window title bar state: overlay mode, drag disabled, window buttons hidden, title bar hidden
[2020.06.16-21.18.02:678][  0]LogSlate: Updating window title bar state: overlay mode, drag disabled, window buttons hidden, title bar hidden
[2020.06.16-21.18.02:689][  0]LogCollectionManager: Loaded 0 collections in 0.002978 seconds
[2020.06.16-21.18.02:718][  0]LogFileCache: Scanning file cache for directory 'D:/UE4Projects/Proto2PlayerGame/Fighting-Game-Unreal/FightingGameArwaMoreFeatures 4.25/Saved/Collections/' took 0.00s
[2020.06.16-21.18.02:718][  0]LogFileCache: Scanning file cache for directory 'D:/UE4Projects/Proto2PlayerGame/Fighting-Game-Unreal/FightingGameArwaMoreFeatures 4.25/Content/Developers/Benjamin/Collections/' took 0.00s
[2020.06.16-21.18.02:718][  0]LogFileCache: Scanning file cache for directory 'D:/UE4Projects/Proto2PlayerGame/Fighting-Game-Unreal/FightingGameArwaMoreFeatures 4.25/Content/Collections/' took 0.00s
[2020.06.16-21.18.02:718][  0]LogContentBrowser: Native class hierarchy populated in 0.0202 seconds. Added 3427 classes and 821 folders.
[2020.06.16-21.18.02:723][  0]LogContentBrowser: Native class hierarchy updated for 'WidgetCarousel' in 0.0005 seconds. Added 0 classes and 0 folders.
[2020.06.16-21.18.02:791][  0]LogContentBrowser: Native class hierarchy updated for 'AddContentDialog' in 0.0005 seconds. Added 0 classes and 0 folders.
[2020.06.16-21.18.02:794][  0]LogContentBrowser: Native class hierarchy updated for 'SceneOutliner' in 0.0005 seconds. Added 2 classes and 0 folders.
[2020.06.16-21.18.02:841][  0]LogSlate: Took 0.000337 seconds to synchronously load lazily loaded font '../../../Engine/Content/Slate/Fonts/Roboto-Regular.ttf' (155K)
[2020.06.16-21.18.02:844][  0]LogSlate: Took 0.000200 seconds to synchronously load lazily loaded font '../../../Engine/Content/Slate/Fonts/Roboto-Bold.ttf' (160K)
[2020.06.16-21.18.02:849][  0]LogSlate: Took 0.000203 seconds to synchronously load lazily loaded font '../../../Engine/Content/Editor/Slate/Fonts/FontAwesome.ttf' (139K)
[2020.06.16-21.18.02:992][  0]LogRenderer: Reallocating scene render targets to support 1208x572 Format 10 NumSamples 1 (Frame:1).
[2020.06.16-21.18.03:163][  0]LogContentBrowser: Native class hierarchy updated for 'HierarchicalLODOutliner' in 0.0005 seconds. Added 0 classes and 0 folders.
[2020.06.16-21.18.03:163][  0]LogLoad: (Engine Initialization) Total time: 9.12 seconds
[2020.06.16-21.18.03:163][  0]LogLoad: (Engine Initialization) Total Blueprint compile time: 0.00 seconds
[2020.06.16-21.18.03:223][  0]LogAnimationCompression: Building Anim DDC data for AnimSequence /Game/Character/Mannequin/Animations/Salute_Anim_mixamo_com.Salute_Anim_mixamo_com
[2020.06.16-21.18.03:223][  0]LogAnimationCompression: Building Anim DDC data for AnimSequence /Game/Character/Mannequin/Animations/Punching_Anim_mixamo_com.Punching_Anim_mixamo_com
[2020.06.16-21.18.03:223][  0]LogContentStreaming: Texture pool size now 1000 MB
[2020.06.16-21.18.03:249][  0]LogSlate: Took 0.000670 seconds to synchronously load lazily loaded font '../../../Engine/Content/Slate/Fonts/Roboto-Light.ttf' (167K)
[2020.06.16-21.18.05:689][ 32]LogAnimationCompression: Building Anim DDC data for AnimSequence /Game/Character/Mannequin/Animations/Fight_Idle__1__Anim.Fight_Idle__1__Anim
[2020.06.16-21.18.05:908][ 37]LogAnimationCompression: Building Anim DDC data for AnimSequence /Game/Character/Mannequin/Animations/Stomach_Hit_Anim_mixamo_com.Stomach_Hit_Anim_mixamo_com
[2020.06.16-21.18.06:025][ 40]LogAnimationCompression: Building Anim DDC data for AnimSequence /Game/Character/Mannequin/Animations/Side_Kick_Anim_mixamo_com.Side_Kick_Anim_mixamo_com
[2020.06.16-21.18.08:298][ 93]LogFileCache: Retrieving MD5 hashes for directory 'D:/UE4Projects/Proto2PlayerGame/Fighting-Game-Unreal/FightingGameArwaMoreFeatures 4.25/Content/' took 5.12s
[2020.06.16-21.18.22:858][ 46]LogAssetRegistry: Asset discovery search completed in 24.0493 seconds
[2020.06.16-21.18.22:862][ 46]LogCollectionManager: Fixed up redirectors for 0 collections in 0.000003 seconds (updated 0 objects)
[2020.06.16-21.18.31:355][240]LogEditorViewport: Clicking on Actor (LMB): StaticMeshActor (Floor)
[2020.06.16-21.18.32:895][375]LogTemp: Repeating last play command: Selected Viewport
[2020.06.16-21.18.32:909][375]LogPlayLevel: PlayLevel: No blueprints needed recompiling
[2020.06.16-21.18.32:917][375]PIE: New page: PIE session: Fight (Jun. 16, 2020, 1:18:32 p.m.)
[2020.06.16-21.18.32:919][375]LogOnline: OSS: Creating online subsystem instance for: NULL
[2020.06.16-21.18.32:920][375]LogOnline: OSS: TryLoadSubsystemAndSetDefault: Loaded subsystem for module [NULL]
[2020.06.16-21.18.32:921][375]LogPlayLevel: Creating play world package: /Game/Map/UEDPIE_0_Fight
[2020.06.16-21.18.32:926][375]LogPlayLevel: PIE: StaticDuplicateObject took: (0.005245s)
[2020.06.16-21.18.32:928][375]LogAIModule: Creating AISystem for world Fight
[2020.06.16-21.18.32:928][375]LogAISub: UAISubsystem::UAISubsystem EnvQueryManager (000002374C7A5A00), frame # 1375
[2020.06.16-21.18.32:928][375]LogAISub: UAISubsystem::UAISubsystem AIPerceptionSystem (000002371721B4C0), frame # 1375
[2020.06.16-21.18.32:928][375]LogPlayLevel: PIE: World Init took: (0.001499s)
[2020.06.16-21.18.32:928][375]LogPlayLevel: PIE: Created PIE world by copying editor world from /Game/Map/Fight.Fight to /Game/Map/UEDPIE_0_Fight.Fight (0.006974s)
[2020.06.16-21.18.32:948][375]LogUObjectHash: Compacting FUObjectHashTables data took   0.66ms
[2020.06.16-21.18.32:959][375]LogAudioMixer: Display: Audio Mixer Platform Settings:
[2020.06.16-21.18.32:959][375]LogAudioMixer: Display: 	Sample Rate:						  48000
[2020.06.16-21.18.32:959][375]LogAudioMixer: Display: 	Callback Buffer Frame Size Requested: 1024
[2020.06.16-21.18.32:959][375]LogAudioMixer: Display: 	Callback Buffer Frame Size To Use:	  1024
[2020.06.16-21.18.32:959][375]LogAudioMixer: Display: 	Number of buffers to queue:			  2
[2020.06.16-21.18.32:959][375]LogAudioMixer: Display: 	Max Channels (voices):				  32
[2020.06.16-21.18.32:959][375]LogAudioMixer: Display: 	Number of Async Source Workers:		  0
[2020.06.16-21.18.32:959][375]LogAudio: Display: AudioDevice MaxSources: 32
[2020.06.16-21.18.32:960][375]LogAudio: Display: Using built-in audio occlusion.
[2020.06.16-21.18.32:960][375]LogAudioMixer: Display: Initializing audio mixer.
[2020.06.16-21.18.32:965][375]LogAudioMixer: Display: 0: FrontLeft
[2020.06.16-21.18.32:965][375]LogAudioMixer: Display: 1: FrontRight
[2020.06.16-21.18.32:984][375]LogAudioMixer: Display: Using Audio Device Headphones (2- High Definition Audio Device)
[2020.06.16-21.18.32:984][375]LogAudioMixer: Display: Initializing Sound Submixes...
[2020.06.16-21.18.32:985][375]LogAudioMixer: Display: Creating Master Submix 'MasterSubmixDefault'
[2020.06.16-21.18.32:985][375]LogAudioMixer: Display: Creating Master Submix 'MasterReverbSubmixDefault'
[2020.06.16-21.18.32:985][375]LogAudioMixer: Display: Creating Master Submix 'MasterEQSubmixDefault'
[2020.06.16-21.18.33:000][375]LogInit: FAudioDevice initialized.
[2020.06.16-21.18.33:012][375]LogLoad: Game class is 'GameModeBase'
[2020.06.16-21.18.33:019][375]LogWorld: Bringing World /Game/Map/UEDPIE_0_Fight.Fight up for play (max tick rate 0) at 2020.06.16-17.18.33
[2020.06.16-21.18.33:021][375]LogWorld: Bringing up level for play took: 0.003608
[2020.06.16-21.18.33:022][375]LogOnline: OSS: Creating online subsystem instance for: :Context_3
[2020.06.16-21.18.33:034][375]LogContentBrowser: Native class hierarchy updated for 'MovieSceneCapture' in 0.0006 seconds. Added 20 classes and 0 folders.
[2020.06.16-21.18.33:049][375]PIE: Server logged in
[2020.06.16-21.18.33:051][375]PIE: Play in editor total start time 0.144 seconds.
[2020.06.16-21.19.05:822][100]LogSlate: Updating window title bar state: overlay mode, drag disabled, window buttons hidden, title bar hidden
[2020.06.16-21.19.05:822][100]LogWorld: BeginTearingDown for /Game/Map/UEDPIE_0_Fight
[2020.06.16-21.19.05:823][100]LogWorld: UWorld::CleanupWorld for Fight, bSessionEnded=true, bCleanupResources=true
[2020.06.16-21.19.05:823][100]LogSlate: InvalidateAllWidgets triggered.  All widgets were invalidated
[2020.06.16-21.19.05:831][100]LogPlayLevel: Display: Shutting down PIE online subsystems
[2020.06.16-21.19.05:834][100]LogSlate: InvalidateAllWidgets triggered.  All widgets were invalidated
[2020.06.16-21.19.05:876][100]LogSlate: Updating window title bar state: overlay mode, drag disabled, window buttons hidden, title bar hidden
[2020.06.16-21.19.05:877][100]LogAISub: UAISubsystem::~UAISubsystem AIPerceptionSystem (000002371721B4C0), frame # 5100
[2020.06.16-21.19.05:877][100]LogAISub: UAISubsystem::~UAISubsystem EnvQueryManager (000002374C7A5A00), frame # 5100
[2020.06.16-21.19.05:878][100]LogUObjectHash: Compacting FUObjectHashTables data took   0.69ms
[2020.06.16-21.19.05:898][101]LogPlayLevel: Display: Destroying online subsystem :Context_3
[2020.06.16-21.19.12:161][843]LogEditorViewport: Clicking on Actor (LMB): StaticMeshActor (Floor)
[2020.06.16-21.19.13:327][971]LogEditorViewport: Clicking on Actor (LMB): StaticMeshActor (Floor)
[2020.06.16-21.19.13:813][ 25]LogEditorViewport: Clicking on Actor (LMB): StaticMeshActor (Floor)
[2020.06.16-21.19.41:873][341]LogSlate: Window 'Source Control Login' being destroyed
[2020.06.16-21.21.55:282][ 67]LogEditorViewport: Clicking on Actor (LMB): StaticMeshActor (Floor)
[2020.06.16-21.22.24:493][169]LogEditorViewport: Clicking on Actor (LMB): BP_Sky_Sphere_C (Sky Sphere)
[2020.06.16-21.28.27:357][ 29]LogSlate: Took 0.000353 seconds to synchronously load lazily loaded font '../../../Engine/Content/Slate/Fonts/Roboto-Light.ttf' (167K)
[2020.06.16-21.30.06:717][324]LogSlate: Took 0.010702 seconds to synchronously load lazily loaded font '../../../Engine/Content/Slate/Fonts/Roboto-Italic.ttf' (157K)
